<?xml version="1.0" encoding="utf-8"?><testsuites name="pytest tests"><testsuite name="pytest" errors="0" failures="0" skipped="0" tests="24" time="1.725" timestamp="2026-02-02T13:03:58.362926+00:00" hostname="agent-env-c05641e5-7d47-4896-a1d5-39bb45a60861"><testcase classname="backend.tests.test_files_events_api.TestFilesAPI" name="test_get_files_list" time="0.098" /><testcase classname="backend.tests.test_files_events_api.TestFilesAPI" name="test_get_files_for_nonexistent_order" time="0.073" /><testcase classname="backend.tests.test_files_events_api.TestFilesAPI" name="test_upload_file_metadata" time="0.040" /><testcase classname="backend.tests.test_files_events_api.TestFilesAPI" name="test_upload_file_creates_event" time="0.078" /><testcase classname="backend.tests.test_files_events_api.TestFilesAPI" name="test_delete_file" time="0.117" /><testcase classname="backend.tests.test_files_events_api.TestFilesAPI" name="test_delete_nonexistent_file" time="0.075" /><testcase classname="backend.tests.test_files_events_api.TestEventsAPI" name="test_get_events_list" time="0.039" /><testcase classname="backend.tests.test_files_events_api.TestEventsAPI" name="test_get_events_for_nonexistent_order" time="0.046" /><testcase classname="backend.tests.test_files_events_api.TestEventsAPI" name="test_create_event" time="0.036" /><testcase classname="backend.tests.test_files_events_api.TestEventsAPI" name="test_create_event_with_details" time="0.037" /><testcase classname="backend.tests.test_files_events_api.TestEventsAPI" name="test_events_sorted_by_date_desc" time="0.032" /><testcase classname="backend.tests.test_files_events_api.TestStageStatusUpdate" name="test_update_stage_status" time="0.063" /><testcase classname="backend.tests.test_files_events_api.TestStageStatusUpdate" name="test_update_stage_status_logs_event" time="0.105" /><testcase classname="backend.tests.test_files_events_api.TestStageStatusUpdate" name="test_update_nonexistent_stage" time="0.035" /><testcase classname="backend.tests.test_files_events_api.TestStageStatusUpdate" name="test_update_stage_in_nonexistent_order" time="0.040" /><testcase classname="backend.tests.test_files_events_api.TestFileTypes" name="test_upload_document_type" time="0.035" /><testcase classname="backend.tests.test_files_events_api.TestFileTypes" name="test_upload_image_type" time="0.033" /><testcase classname="backend.tests.test_files_events_api.TestFileTypes" name="test_upload_invoice_type" time="0.040" /><testcase classname="backend.tests.test_files_events_api.TestFileTypes" name="test_upload_contract_type" time="0.041" /><testcase classname="backend.tests.test_files_events_api.TestFileTypes" name="test_upload_drawing_type" time="0.035" /><testcase classname="backend.tests.test_files_events_api.TestEventTypes" name="test_create_created_event" time="0.036" /><testcase classname="backend.tests.test_files_events_api.TestEventTypes" name="test_create_updated_event" time="0.038" /><testcase classname="backend.tests.test_files_events_api.TestEventTypes" name="test_create_status_changed_event" time="0.076" /><testcase classname="backend.tests.test_files_events_api.TestEventTypes" name="test_create_comment_event" time="0.355" /></testsuite></testsuites>