<?xml version="1.0" encoding="utf-8"?><testsuites name="pytest tests"><testsuite name="pytest" errors="0" failures="0" skipped="0" tests="8" time="1.417" timestamp="2026-02-02T12:32:26.574558+00:00" hostname="agent-env-c05641e5-7d47-4896-a1d5-39bb45a60861"><testcase classname="backend.tests.test_inline_editing.TestInlineEditing" name="test_create_order_for_editing" time="0.121" /><testcase classname="backend.tests.test_inline_editing.TestInlineEditing" name="test_update_order_basic_fields" time="0.148" /><testcase classname="backend.tests.test_inline_editing.TestInlineEditing" name="test_add_stage_to_order" time="0.145" /><testcase classname="backend.tests.test_inline_editing.TestInlineEditing" name="test_update_order_with_stages" time="0.186" /><testcase classname="backend.tests.test_inline_editing.TestInlineEditing" name="test_update_stage_with_cost_items" time="0.303" /><testcase classname="backend.tests.test_inline_editing.TestOrderStatusTransitions" name="test_status_transitions" time="0.282" /><testcase classname="backend.tests.test_inline_editing.TestExistingOrderEditing" name="test_get_existing_order" time="0.077" /><testcase classname="backend.tests.test_inline_editing.TestExistingOrderEditing" name="test_existing_order_has_stages" time="0.032" /></testsuite></testsuites>