<?xml version="1.0" encoding="utf-8"?><testsuites name="pytest tests"><testsuite name="pytest" errors="0" failures="0" skipped="0" tests="20" time="2.244" timestamp="2026-01-26T16:56:42.822566+00:00" hostname="agent-env-0eb9700f-6845-47c4-a46c-60d239b1b383"><testcase classname="backend.tests.test_edit_functionality.TestOrdersEditFunctionality" name="test_create_order_for_edit" time="0.121" /><testcase classname="backend.tests.test_edit_functionality.TestOrdersEditFunctionality" name="test_update_order_name" time="0.170" /><testcase classname="backend.tests.test_edit_functionality.TestOrdersEditFunctionality" name="test_update_order_client" time="0.164" /><testcase classname="backend.tests.test_edit_functionality.TestOrdersEditFunctionality" name="test_update_order_status" time="0.159" /><testcase classname="backend.tests.test_edit_functionality.TestOrdersEditFunctionality" name="test_update_order_multiple_fields" time="0.114" /><testcase classname="backend.tests.test_edit_functionality.TestOrdersEditFunctionality" name="test_update_nonexistent_order" time="0.043" /><testcase classname="backend.tests.test_edit_functionality.TestClientsEditFunctionality" name="test_create_client_for_edit" time="0.079" /><testcase classname="backend.tests.test_edit_functionality.TestClientsEditFunctionality" name="test_update_client_name" time="0.152" /><testcase classname="backend.tests.test_edit_functionality.TestClientsEditFunctionality" name="test_update_client_contact_info" time="0.107" /><testcase classname="backend.tests.test_edit_functionality.TestClientsEditFunctionality" name="test_update_client_inn" time="0.123" /><testcase classname="backend.tests.test_edit_functionality.TestClientsEditFunctionality" name="test_update_nonexistent_client" time="0.036" /><testcase classname="backend.tests.test_edit_functionality.TestMaterialsEditFunctionality" name="test_create_material_for_edit" time="0.072" /><testcase classname="backend.tests.test_edit_functionality.TestMaterialsEditFunctionality" name="test_update_material_name" time="0.100" /><testcase classname="backend.tests.test_edit_functionality.TestMaterialsEditFunctionality" name="test_update_material_price" time="0.112" /><testcase classname="backend.tests.test_edit_functionality.TestMaterialsEditFunctionality" name="test_update_material_type" time="0.108" /><testcase classname="backend.tests.test_edit_functionality.TestMaterialsEditFunctionality" name="test_update_material_all_fields" time="0.099" /><testcase classname="backend.tests.test_edit_functionality.TestMaterialsEditFunctionality" name="test_update_nonexistent_material" time="0.035" /><testcase classname="backend.tests.test_edit_functionality.TestDeleteFunctionality" name="test_delete_order" time="0.104" /><testcase classname="backend.tests.test_edit_functionality.TestDeleteFunctionality" name="test_delete_client" time="0.106" /><testcase classname="backend.tests.test_edit_functionality.TestDeleteFunctionality" name="test_delete_material" time="0.110" /></testsuite></testsuites>