<?xml version="1.0" encoding="utf-8"?><testsuites name="pytest tests"><testsuite name="pytest" errors="0" failures="0" skipped="0" tests="23" time="2.884" timestamp="2026-02-02T09:15:38.256669+00:00" hostname="agent-env-eda713a8-7fb6-4186-a652-21010f7e0dec"><testcase classname="backend.tests.test_factory_hub_api.TestHealthAndStatistics" name="test_statistics_endpoint" time="0.230" /><testcase classname="backend.tests.test_factory_hub_api.TestClientsCRUD" name="test_get_clients_list" time="0.036" /><testcase classname="backend.tests.test_factory_hub_api.TestClientsCRUD" name="test_create_client" time="0.034" /><testcase classname="backend.tests.test_factory_hub_api.TestClientsCRUD" name="test_create_and_get_client" time="0.075" /><testcase classname="backend.tests.test_factory_hub_api.TestClientsCRUD" name="test_update_client" time="0.107" /><testcase classname="backend.tests.test_factory_hub_api.TestClientsCRUD" name="test_delete_client" time="0.110" /><testcase classname="backend.tests.test_factory_hub_api.TestClientsCRUD" name="test_search_clients" time="0.034" /><testcase classname="backend.tests.test_factory_hub_api.TestMaterialsCRUD" name="test_get_materials_list" time="0.038" /><testcase classname="backend.tests.test_factory_hub_api.TestMaterialsCRUD" name="test_create_material" time="0.040" /><testcase classname="backend.tests.test_factory_hub_api.TestMaterialsCRUD" name="test_filter_materials_by_type" time="0.069" /><testcase classname="backend.tests.test_factory_hub_api.TestMaterialsCRUD" name="test_update_material" time="0.070" /><testcase classname="backend.tests.test_factory_hub_api.TestMaterialsCRUD" name="test_delete_material" time="0.110" /><testcase classname="backend.tests.test_factory_hub_api.TestOrdersCRUD" name="test_get_orders_list" time="0.031" /><testcase classname="backend.tests.test_factory_hub_api.TestOrdersCRUD" name="test_create_order" time="0.040" /><testcase classname="backend.tests.test_factory_hub_api.TestOrdersCRUD" name="test_create_and_get_order" time="0.067" /><testcase classname="backend.tests.test_factory_hub_api.TestOrdersCRUD" name="test_update_order_status" time="0.091" /><testcase classname="backend.tests.test_factory_hub_api.TestOrdersCRUD" name="test_delete_order" time="0.142" /><testcase classname="backend.tests.test_factory_hub_api.TestOrdersCRUD" name="test_filter_orders_by_status" time="0.033" /><testcase classname="backend.tests.test_factory_hub_api.TestOrderStages" name="test_add_stage_to_order" time="0.111" /><testcase classname="backend.tests.test_factory_hub_api.TestOrderStages" name="test_add_cost_item_to_stage" time="0.105" /><testcase classname="backend.tests.test_factory_hub_api.TestOrderStages" name="test_order_cost_calculation" time="0.160" /><testcase classname="backend.tests.test_factory_hub_api.TestOrderStages" name="test_multiple_stages_workflow" time="0.241" /><testcase classname="backend.tests.test_factory_hub_api.TestCalendarAPI" name="test_calendar_endpoint" time="0.651" /></testsuite></testsuites>